<?xml version="1.0" encoding="UTF-8"?>
<!-- Generated by org.testng.reporters.JUnitReportReporter -->
<testsuite hostname="Sunil-TM" failures="0" tests="1" name="testcase.GetPrice" time="37.230" errors="0" timestamp="2023-10-28T18:07:55 IST" skipped="0">
  <testcase classname="testcase.GetPrice" name="GetPricedata" time="37.230"/>
</testsuite> <!-- testcase.GetPrice -->
